2026-03-18 13:20:16, MOVE, v:1, k:ed@casais, mode:DOWN
2026-03-18 13:20:20, MOVE, v:1, k:ed@casais, mode:PICK
2026-03-18 13:29:32, EXEC, v:1, k:ed@casais, mode:FULL, rate:50, size:25
2026-03-18 13:30:04, EXEC, v:1, k:ed@casais, mode:FULL, rate:75, size:25
2026-03-18 13:30:35, EXEC, v:1, k:ed@casais, mode:FULL, rate:75, size:25
2026-03-18 13:32:14, EXEC, v:1, k:ed@casais, mode:FULL, rate:75, size:25
2026-03-18 13:33:53, EXEC, v:1, k:ed@casais, mode:FULL, rate:75, size:25
2026-03-18 13:34:09, EXEC, v:1, k:ed@casais, mode:FULL, rate:0, size:26
2026-03-18 13:37:31, MOVE, v:1, k:ed@casais, mode:PICK
2026-03-18 13:37:33, EXEC, v:1, k:ed@casais, mode:FULL, rate:0, size:26
2026-03-18 13:37:45, EXEC, v:1, k:ed@casais, mode:FULL, rate:0, size:26
2026-03-18 13:39:12, EXEC, v:1, k:ed@casais, mode:FULL, rate:0, size:26
2026-03-18 13:39:52, EXEC, v:1, k:ed@casais, mode:FULL, rate:75, size:26
2026-03-18 13:39:52, EXEC, v:1, k:ed@casais, mode:FULL, rate:75, size:26
2026-03-18 13:39:52, EXEC, v:1, k:ed@casais, mode:FULL, rate:75, size:25
2026-03-18 13:42:21, EXEC, v:1, k:ed@casais, mode:FULL, rate:25, size:25
2026-03-18 13:44:31, EXEC, v:1, k:ed@casais, mode:FULL, rate:75, size:25
2026-03-18 13:44:41, EXEC, v:1, k:ed@casais, mode:FULL, rate:100, size:25
2026-03-18 13:45:37, MOVE, v:1, k:ed@casais, mode:BACK
2026-03-18 13:45:41, MOVE, v:1, k:ed@baruel, mode:DOWN
2026-03-18 13:45:46, MOVE, v:1, k:ed@baruel, mode:PICK
2026-03-18 13:53:33, MOVE, v:1, k:ed@baruel, mode:BACK
2026-03-18 13:53:35, MOVE, v:1, k:ed@casais, mode:PICK
2026-03-18 13:56:01, EXEC, v:1, k:ed@casais, mode:FULL, rate:100, size:23
2026-03-18 13:56:04, MOVE, v:1, k:ed@casais, mode:BACK
2026-03-18 13:56:06, MOVE, v:1, k:ed@baruel, mode:PICK
2026-03-18 13:56:07, EXEC, v:1, k:ed@baruel, mode:FULL, rate:0, size:20
2026-03-18 13:56:54, EXEC, v:1, k:ed@baruel, mode:FULL, rate:0, size:20
2026-03-18 13:57:30, EXEC, v:1, k:ed@baruel, mode:FULL, rate:0
2026-03-18 14:00:37, MOVE, v:1, k:ed@baruel, mode:BACK
2026-03-18 22:47:25, MOVE, v:1, k:ed@baruel, mode:PICK
2026-03-18 22:47:30, EXEC, v:1, k:ed@baruel, mode:FULL, rate:0, size:74
2026-03-18 22:48:25, EXEC, v:1, k:ed@baruel, mode:FULL, rate:0, size:75
2026-03-18 22:56:04, MOVE, v:1, k:ed@baruel, mode:BACK
2026-03-18 23:22:10, MOVE, v:1, k:ed@baruel, mode:PICK
2026-03-18 23:22:10, EXEC, v:1, k:ed@baruel, mode:FULL, rate:0, size:91
2026-03-18 23:22:34, EXEC, v:1, k:ed@baruel, mode:FULL, rate:0, size:91
2026-03-18 23:28:28, EXEC, v:1, k:ed@baruel, mode:FULL, rate:0, size:101
2026-03-18 23:29:22, EXEC, v:1, k:ed@baruel, mode:FULL, rate:0, size:101
2026-03-18 23:29:52, EXEC, v:1, k:ed@baruel, mode:FULL, rate:0, size:101
2026-03-18 23:30:12, EXEC, v:1, k:ed@baruel, mode:FULL, rate:0, size:103
2026-03-18 23:32:11, EXEC, v:1, k:ed@baruel, mode:FULL, rate:0, size:106
2026-03-18 23:32:28, EXEC, v:1, k:ed@baruel, mode:FULL, rate:0, size:106
2026-03-18 23:36:06, EXEC, v:1, k:ed@baruel, mode:FULL, rate:0, size:108
2026-03-18 23:36:46, EXEC, v:1, k:ed@baruel, mode:FULL, rate:0, size:108
2026-03-18 23:37:17, MOVE, v:1, k:ed@baruel, mode:PICK
2026-03-18 23:37:18, EXEC, v:1, k:ed@baruel, mode:FULL, rate:0, size:108
2026-03-18 23:37:50, EXEC, v:1, k:ed@baruel, mode:FULL, rate:0, size:108
2026-03-18 23:38:11, EXEC, v:1, k:ed@baruel, mode:FULL, rate:0, size:111
2026-03-18 23:38:58, EXEC, v:1, k:ed@baruel, mode:FULL, rate:0, size:110
2026-03-18 23:46:45, EXEC, v:1, k:ed@baruel, mode:FULL, rate:100, size:127
2026-03-18 23:46:50, MOVE, v:1, k:ed@baruel, mode:BACK
2026-03-18 23:47:29, MOVE, v:1, k:ed@gomos, mode:DOWN
2026-03-18 23:47:33, MOVE, v:1, k:ed@gomos, mode:PICK
