2026-03-20 18:37:24, MOVE, v:1, k:ed@princesa, mode:DOWN
2026-03-20 18:37:26, MOVE, v:1, k:ed@princesa, mode:PICK
2026-03-20 18:55:23, EXEC, v:1, k:ed@princesa, mode:FULL, rate:0, size:22
2026-03-20 18:55:24, EXEC, v:1, k:ed@princesa, mode:FULL, rate:0
2026-03-20 18:57:01, EXEC, v:1, k:ed@princesa, mode:FULL, rate:0, size:22
2026-03-20 18:57:42, EXEC, v:1, k:ed@princesa, mode:FULL, rate:0, size:24
2026-03-20 18:58:23, EXEC, v:1, k:ed@princesa, mode:FULL, rate:0, size:24
2026-03-20 19:04:27, EXEC, v:1, k:ed@princesa, mode:FULL, rate:0, size:34
2026-03-20 19:04:46, EXEC, v:1, k:ed@princesa, mode:FULL, rate:0, size:34
2026-03-20 19:05:15, EXEC, v:1, k:ed@princesa, mode:FULL, rate:0, size:34
2026-03-20 19:05:21, EXEC, v:1, k:ed@princesa, mode:FULL, rate:0, size:34
2026-03-20 19:05:25, EXEC, v:1, k:ed@princesa, mode:FULL, rate:0, size:34
2026-03-20 19:12:41, EXEC, v:1, k:ed@princesa, mode:FULL, rate:0, size:41
2026-03-20 19:13:36, EXEC, v:1, k:ed@princesa, mode:FULL, rate:0, size:43
2026-03-20 19:13:53, EXEC, v:1, k:ed@princesa, mode:FULL, size:43, fail:COMP
2026-03-20 19:14:22, EXEC, v:1, k:ed@princesa, mode:FULL, rate:0, size:43
2026-03-20 19:18:40, MOVE, v:1, k:ed@princesa, mode:BACK
2026-03-20 19:29:55, MOVE, v:1, k:ed@princesa, mode:PICK
2026-03-20 19:29:56, EXEC, v:1, k:ed@princesa, mode:FULL, rate:0, size:45
2026-03-20 19:31:02, EXEC, v:1, k:ed@princesa, mode:FULL, rate:0, size:47
2026-03-20 19:31:44, EXEC, v:1, k:ed@princesa, mode:FULL, rate:0, size:47
2026-03-20 19:32:17, EXEC, v:1, k:ed@princesa, mode:FULL, rate:0, size:47
2026-03-20 19:33:53, EXEC, v:1, k:ed@princesa, mode:FULL, rate:0, size:48
2026-03-20 19:35:32, EXEC, v:1, k:ed@princesa, mode:FULL, rate:0, size:49
2026-03-20 20:01:01, MOVE, v:1, k:ed@princesa, mode:BACK
2026-03-20 20:21:41, MOVE, v:1, k:ed@princesa, mode:PICK
2026-03-20 20:21:42, EXEC, v:1, k:ed@princesa, mode:FULL, size:72, fail:COMP
2026-03-20 20:22:02, EXEC, v:1, k:ed@princesa, mode:FULL, rate:0, size:72
2026-03-20 20:22:43, EXEC, v:1, k:ed@princesa, mode:FULL, rate:0, size:26
2026-03-20 20:25:22, MOVE, v:1, k:ed@princesa, mode:BACK
2026-03-20 21:55:11, MOVE, v:1, k:ed@apagando, mode:DOWN
2026-03-20 21:55:13, MOVE, v:1, k:ed@apagando, mode:PICK
2026-03-20 21:57:20, EXEC, v:1, k:ed@apagando, mode:FULL, size:4, fail:COMP
2026-03-20 21:57:44, MOVE, v:1, k:ed@apagando, mode:BACK
2026-03-20 21:57:55, MOVE, v:1, k:ed@princesa, mode:PICK
2026-03-20 21:58:00, EXEC, v:1, k:ed@princesa, mode:FULL, rate:0, size:22
2026-03-20 21:59:50, EXEC, v:1, k:ed@princesa, mode:FULL, rate:0, size:23
2026-03-20 22:00:13, EXEC, v:1, k:ed@princesa, mode:FULL, rate:0, size:23
2026-03-20 22:02:30, EXEC, v:1, k:ed@princesa, mode:FULL, rate:0, size:26
2026-03-20 22:03:05, EXEC, v:1, k:ed@princesa, mode:FULL, rate:0, size:26
2026-03-20 22:03:16, EXEC, v:1, k:ed@princesa, mode:FULL, rate:0, size:26
2026-03-20 22:03:38, EXEC, v:1, k:ed@princesa, mode:FULL, rate:0, size:27
2026-03-20 22:03:53, EXEC, v:1, k:ed@princesa, mode:FULL, rate:0, size:27
2026-03-20 22:04:01, EXEC, v:1, k:ed@princesa, mode:FULL, rate:0, size:27
2026-03-20 22:04:40, EXEC, v:1, k:ed@princesa, mode:FULL, rate:0, size:28
2026-03-20 22:05:37, MOVE, v:1, k:ed@princesa, mode:BACK
