2026-03-29 13:57:44, MOVE, v:1, k:ed@manipulacao, mode:PICK
2026-03-29 16:08:33, EXEC, v:1, k:ed@manipulacao, mode:FULL, size:123, fail:COMP
2026-03-29 16:09:00, EXEC, v:1, k:ed@manipulacao, mode:FULL, size:123, fail:COMP
2026-03-29 16:09:14, EXEC, v:1, k:ed@manipulacao, mode:FULL, rate:0, size:123
2026-03-29 16:10:16, EXEC, v:1, k:ed@manipulacao, mode:FULL, rate:0, size:123
2026-03-29 16:10:41, EXEC, v:1, k:ed@manipulacao, mode:FULL, rate:14, size:123
2026-03-29 16:16:17, EXEC, v:1, k:ed@manipulacao, mode:FULL, size:135, fail:COMP
2026-03-29 16:16:31, EXEC, v:1, k:ed@manipulacao, mode:FULL, size:135, fail:COMP
2026-03-29 16:16:42, EXEC, v:1, k:ed@manipulacao, mode:FULL, size:135, fail:COMP
2026-03-29 16:16:49, EXEC, v:1, k:ed@manipulacao, mode:FULL, size:135, fail:COMP
2026-03-29 16:17:04, EXEC, v:1, k:ed@manipulacao, mode:FULL, rate:14, size:137
2026-03-29 16:18:45, EXEC, v:1, k:ed@manipulacao, mode:FULL, rate:14, size:136
2026-03-29 16:26:49, EXEC, v:1, k:ed@manipulacao, mode:FULL, size:145, fail:COMP
2026-03-29 16:27:04, EXEC, v:1, k:ed@manipulacao, mode:FULL, size:145, fail:COMP
2026-03-29 16:27:25, EXEC, v:1, k:ed@manipulacao, mode:FULL, rate:0, size:148
2026-03-29 16:30:57, EXEC, v:1, k:ed@manipulacao, mode:FULL, rate:0, size:147
2026-03-29 16:31:18, EXEC, v:1, k:ed@manipulacao, mode:FULL, rate:14, size:150
2026-03-29 16:33:34, EXEC, v:1, k:ed@manipulacao, mode:FULL, size:156, fail:COMP
2026-03-29 16:34:38, EXEC, v:1, k:ed@manipulacao, mode:FULL, rate:14, size:156
2026-03-29 16:38:08, EXEC, v:1, k:ed@manipulacao, mode:FULL, rate:14, size:158
2026-03-29 16:38:38, EXEC, v:1, k:ed@manipulacao, mode:FULL, size:158, fail:COMP
2026-03-29 16:38:46, EXEC, v:1, k:ed@manipulacao, mode:FULL, rate:14, size:158
2026-03-29 16:39:10, EXEC, v:1, k:ed@manipulacao, mode:FULL, rate:14, size:158
2026-03-29 16:39:18, EXEC, v:1, k:ed@manipulacao, mode:FULL, rate:28, size:158
2026-03-29 16:41:41, EXEC, v:1, k:ed@manipulacao, mode:FULL, rate:0, size:136
2026-03-29 16:53:49, MOVE, v:1, k:ed@manipulacao, mode:PICK
2026-03-29 16:53:50, EXEC, v:1, k:ed@manipulacao, mode:FULL, size:141, fail:COMP
2026-03-29 16:54:02, EXEC, v:1, k:ed@manipulacao, mode:FULL, size:141, fail:COMP
2026-03-29 16:54:11, EXEC, v:1, k:ed@manipulacao, mode:FULL, rate:28, size:141
2026-03-29 16:54:28, EXEC, v:1, k:ed@manipulacao, mode:FULL, size:141, fail:COMP
2026-03-29 16:58:01, MOVE, v:1, k:ed@manipulacao, mode:PICK
2026-03-29 16:58:02, EXEC, v:1, k:ed@manipulacao, mode:FULL, size:137, fail:COMP
2026-03-29 16:58:22, EXEC, v:1, k:ed@manipulacao, mode:FULL, rate:42, size:137
2026-03-29 17:01:12, MOVE, v:1, k:ed@manipulacao, mode:PICK
2026-03-29 17:01:13, EXEC, v:1, k:ed@manipulacao, mode:FULL, rate:42, size:151
2026-03-29 17:05:39, MOVE, v:1, k:ed@manipulacao, mode:PICK
2026-03-29 17:05:40, EXEC, v:1, k:ed@manipulacao, mode:FULL, rate:42
2026-03-29 17:10:21, EXEC, v:1, k:ed@manipulacao, mode:FULL, size:164, fail:COMP
2026-03-29 17:10:32, EXEC, v:1, k:ed@manipulacao, mode:FULL, size:164, fail:COMP
2026-03-29 17:10:43, EXEC, v:1, k:ed@manipulacao, mode:FULL, size:164, fail:COMP
2026-03-29 17:10:53, EXEC, v:1, k:ed@manipulacao, mode:FULL, rate:57, size:164
2026-03-29 17:11:50, EXEC, v:1, k:ed@manipulacao, mode:FULL, rate:57, size:163
2026-03-29 17:12:09, EXEC, v:1, k:ed@manipulacao, mode:FULL, rate:57, size:163
2026-03-29 17:12:57, EXEC, v:1, k:ed@manipulacao, mode:FULL, rate:57, size:163
2026-03-29 17:13:30, EXEC, v:1, k:ed@manipulacao, mode:FULL, rate:57, size:163
2026-03-29 17:15:05, EXEC, v:1, k:ed@manipulacao, mode:FULL, size:163, fail:COMP
2026-03-29 17:15:18, EXEC, v:1, k:ed@manipulacao, mode:FULL, rate:57, size:163
2026-03-29 17:17:58, EXEC, v:1, k:ed@manipulacao, mode:FULL, rate:57, size:164
2026-03-29 17:22:25, EXEC, v:1, k:ed@manipulacao, mode:FULL, rate:57, size:186
2026-03-29 17:22:42, EXEC, v:1, k:ed@manipulacao, mode:FULL, rate:57, size:186
2026-03-29 17:24:34, EXEC, v:1, k:ed@manipulacao, mode:FULL, rate:42, size:188
2026-03-29 17:24:41, EXEC, v:1, k:ed@manipulacao, mode:FULL, rate:42, size:188
2026-03-29 17:25:00, EXEC, v:1, k:ed@manipulacao, mode:FULL, rate:42, size:188
2026-03-29 17:27:36, EXEC, v:1, k:ed@manipulacao, mode:FULL, size:171, fail:COMP
2026-03-29 17:27:50, EXEC, v:1, k:ed@manipulacao, mode:FULL, size:171, fail:COMP
2026-03-29 17:28:02, EXEC, v:1, k:ed@manipulacao, mode:FULL, size:171, fail:COMP
2026-03-29 17:29:12, EXEC, v:1, k:ed@manipulacao, mode:FULL, size:171, fail:COMP
2026-03-29 17:29:25, EXEC, v:1, k:ed@manipulacao, mode:FULL, size:173, fail:COMP
2026-03-29 17:29:58, MOVE, v:1, k:ed@manipulacao, mode:PICK
2026-03-29 17:29:58, EXEC, v:1, k:ed@manipulacao, mode:FULL, rate:71, size:173
2026-03-29 17:30:20, EXEC, v:1, k:ed@manipulacao, mode:FULL, size:174, fail:COMP
2026-03-29 17:31:12, EXEC, v:1, k:ed@manipulacao, mode:FULL, rate:71, size:174
2026-03-29 17:31:25, EXEC, v:1, k:ed@manipulacao, mode:FULL, rate:71, size:171
2026-03-29 17:42:14, MOVE, v:1, k:ed@manipulacao, mode:BACK
2026-03-29 17:42:16, MOVE, v:1, k:ed@apagando, mode:PICK
2026-03-29 17:58:47, MOVE, v:1, k:ed@apagando, mode:BACK
2026-03-29 17:58:50, MOVE, v:1, k:ed@manipulacao, mode:PICK
2026-03-29 17:58:51, EXEC, v:1, k:ed@manipulacao, mode:FULL, size:174, fail:COMP
2026-03-29 17:59:09, MOVE, v:1, k:ed@manipulacao, mode:BACK
2026-03-29 17:59:11, MOVE, v:1, k:ed@manipulacao, mode:PICK
2026-03-29 17:59:11, EXEC, v:1, k:ed@manipulacao, mode:FULL, fail:COMP
2026-03-29 17:59:23, EXEC, v:1, k:ed@manipulacao, mode:FULL, rate:71, size:174
2026-03-29 18:04:13, MOVE, v:1, k:ed@manipulacao, mode:BACK
2026-03-29 18:04:22, MOVE, v:1, k:ed@apagando, mode:PICK
2026-03-29 18:04:23, MOVE, v:1, k:ed@apagando, mode:BACK
2026-03-29 18:04:26, MOVE, v:1, k:ed@apagando, mode:PICK
2026-03-29 20:39:31, MOVE, v:1, k:ed@manipulacao, mode:PICK
2026-03-29 20:39:32, EXEC, v:1, k:ed@manipulacao, mode:FULL, rate:71
2026-03-29 20:53:49, EXEC, v:1, k:ed@manipulacao, mode:FULL, size:191, fail:COMP
2026-03-29 20:54:07, EXEC, v:1, k:ed@manipulacao, mode:FULL, size:191, fail:COMP
2026-03-29 20:54:22, EXEC, v:1, k:ed@manipulacao, mode:FULL, rate:71, size:191
2026-03-29 21:03:05, EXEC, v:1, k:ed@manipulacao, mode:FULL, rate:71, size:193
2026-03-29 21:03:28, EXEC, v:1, k:ed@manipulacao, mode:FULL, rate:71, size:193
2026-03-29 21:03:45, EXEC, v:1, k:ed@manipulacao, mode:FULL, rate:71, size:193
2026-03-29 21:10:50, EXEC, v:1, k:ed@manipulacao, mode:FULL, size:205, fail:COMP
2026-03-29 21:11:04, EXEC, v:1, k:ed@manipulacao, mode:FULL, size:205, fail:COMP
2026-03-29 21:11:22, EXEC, v:1, k:ed@manipulacao, mode:FULL, size:205, fail:COMP
2026-03-29 21:11:44, EXEC, v:1, k:ed@manipulacao, mode:FULL, size:205, fail:COMP
2026-03-29 21:11:51, EXEC, v:1, k:ed@manipulacao, mode:FULL, rate:85, size:205
2026-03-29 21:17:29, EXEC, v:1, k:ed@manipulacao, mode:FULL, rate:100, size:221
2026-03-29 21:17:35, MOVE, v:1, k:ed@manipulacao, mode:BACK
2026-03-29 21:18:54, SELF, v:1, k:ed@manipulacao, self:1, rate:100, study:300, concept:1, problem:1, code:1, debug:1
