2026-03-16 19:19:42, MOVE, v:1, k:ed@priminhos, mode:DOWN
2026-03-16 19:21:00, MOVE, v:1, k:ed@pedra, mode:DOWN
2026-03-16 21:36:38, MOVE, v:1, k:ed@pintando, mode:DOWN
2026-03-16 21:36:45, MOVE, v:1, k:ed@pintando, mode:PICK
2026-03-16 21:36:54, MOVE, v:1, k:ed@pintando, mode:BACK
2026-03-16 21:47:02, MOVE, v:1, k:ed@pintando, mode:PICK
2026-03-16 21:47:12, EXEC, v:1, k:ed@pintando, mode:FULL, size:18, fail:COMP
2026-03-16 21:48:02, EXEC, v:1, k:ed@pintando, mode:FULL, rate:0, size:20
2026-03-16 21:48:22, EXEC, v:1, k:ed@pintando, mode:FULL, size:20, fail:COMP
2026-03-16 21:48:29, EXEC, v:1, k:ed@pintando, mode:FULL, rate:0, size:20
2026-03-16 21:49:00, EXEC, v:1, k:ed@pintando, mode:FULL, size:20, fail:COMP
2026-03-16 21:49:07, EXEC, v:1, k:ed@pintando, mode:FULL, rate:0, size:20
2026-03-16 21:51:40, EXEC, v:1, k:ed@pintando, mode:FULL, rate:0, size:21
2026-03-16 21:51:49, EXEC, v:1, k:ed@pintando, mode:FULL, rate:0, size:21
2026-03-16 21:52:55, EXEC, v:1, k:ed@pintando, mode:FULL, rate:0, size:21
2026-03-16 21:53:00, EXEC, v:1, k:ed@pintando, mode:FULL, rate:100, size:21
2026-03-16 21:53:04, MOVE, v:1, k:ed@pintando, mode:BACK
2026-03-16 21:53:50, MOVE, v:1, k:ed@mumia, mode:DOWN
2026-03-16 21:54:06, MOVE, v:1, k:ed@mumia, mode:PICK
2026-03-16 21:59:18, EXEC, v:1, k:ed@mumia, mode:FULL, rate:0, size:19
2026-03-16 21:59:38, EXEC, v:1, k:ed@mumia, mode:FULL, rate:100, size:19
2026-03-16 21:59:43, MOVE, v:1, k:ed@mumia, mode:BACK
2026-03-16 21:59:48, MOVE, v:1, k:ed@fuga, mode:DOWN
2026-03-16 22:00:12, MOVE, v:1, k:ed@fuga, mode:PICK
2026-03-16 22:13:54, MOVE, v:1, k:ed@fuga, mode:BACK
2026-03-16 22:15:59, MOVE, v:1, k:ed@fuga, mode:PICK
2026-03-16 22:16:02, EXEC, v:1, k:ed@fuga, mode:FULL, rate:0, size:22
2026-03-16 22:16:36, EXEC, v:1, k:ed@fuga, mode:FULL, rate:0, size:22
2026-03-16 22:16:47, EXEC, v:1, k:ed@fuga, mode:FULL, rate:0, size:22
2026-03-16 22:33:17, EXEC, v:1, k:ed@fuga, mode:FULL, rate:0, size:32
2026-03-16 22:33:39, EXEC, v:1, k:ed@fuga, mode:FULL, rate:10, size:32
2026-03-16 22:34:09, EXEC, v:1, k:ed@fuga, mode:FULL, rate:20, size:34
2026-03-16 22:34:27, EXEC, v:1, k:ed@fuga, mode:FULL, rate:0, size:34
2026-03-16 22:34:38, EXEC, v:1, k:ed@fuga, mode:FULL, rate:0, size:34
2026-03-16 22:46:52, EXEC, v:1, k:ed@fuga, mode:FULL, size:34, fail:COMP
2026-03-16 22:47:03, EXEC, v:1, k:ed@fuga, mode:FULL, rate:0, size:34
2026-03-16 22:56:26, EXEC, v:1, k:ed@fuga, mode:FULL, rate:0, size:34
