2026-03-17 13:16:52, MOVE, v:1, k:ed@fuga, mode:PICK
2026-03-17 13:27:09, EXEC, v:1, k:ed@fuga, mode:FULL, rate:0, size:23
2026-03-17 13:27:23, EXEC, v:1, k:ed@fuga, mode:FULL, rate:10, size:23
2026-03-17 13:33:43, EXEC, v:1, k:ed@fuga, mode:FULL, rate:60, size:26
2026-03-17 13:36:26, EXEC, v:1, k:ed@fuga, mode:FULL, rate:10, size:30
2026-03-17 13:36:49, EXEC, v:1, k:ed@fuga, mode:FULL, rate:60, size:26
2026-03-17 13:39:11, EXEC, v:1, k:ed@fuga, mode:FULL, rate:60, size:27
2026-03-17 13:42:05, EXEC, v:1, k:ed@fuga, mode:FULL, rate:60, size:27
2026-03-17 13:42:50, EXEC, v:1, k:ed@fuga, mode:FULL, rate:100, size:31
2026-03-17 13:44:57, EXEC, v:1, k:ed@fuga, mode:FULL, rate:100, size:26
2026-03-17 13:46:33, EXEC, v:1, k:ed@fuga, mode:FULL, rate:100, size:25
2026-03-17 13:46:39, MOVE, v:1, k:ed@fuga, mode:BACK
2026-03-17 18:27:12, MOVE, v:1, k:ed@pedra, mode:PICK
2026-03-17 18:27:28, EXEC, v:1, k:ed@pedra, mode:FULL, rate:0, size:5
2026-03-17 18:40:50, EXEC, v:1, k:ed@pedra, mode:FULL, size:42, fail:COMP
2026-03-17 18:41:12, EXEC, v:1, k:ed@pedra, mode:FULL, size:42, fail:COMP
2026-03-17 18:41:29, EXEC, v:1, k:ed@pedra, mode:FULL, size:42, fail:COMP
2026-03-17 18:41:52, EXEC, v:1, k:ed@pedra, mode:FULL, size:43, fail:COMP
2026-03-17 18:42:30, EXEC, v:1, k:ed@pedra, mode:FULL, rate:100, size:43
2026-03-17 18:43:04, EXEC, v:1, k:ed@pedra, mode:FULL, rate:100, size:36
2026-03-17 18:43:40, MOVE, v:1, k:ed@pedra, mode:BACK
